<?xml version="1.0" encoding="UTF-8"?>
<!-- Generated by org.testng.reporters.JUnitReportReporter -->
<testsuite hostname="SumedhKrishna" failures="0" tests="1" name="Day3.PathAndQueryParameters" time="2.092" errors="0" timestamp="2023-07-15T17:31:29 EDT" skipped="0">
  <testcase classname="Day3.PathAndQueryParameters" name="testPathAndQueryParameters" time="2.092"/>
  <system-out/>
</testsuite> <!-- Day3.PathAndQueryParameters -->
