<?xml version="1.0" encoding="UTF-8"?>
<!-- Generated by org.testng.reporters.JUnitReportReporter -->
<testsuite hostname="SumedhKrishna" failures="0" tests="1" name="Day7.FakerDataGenerator" time="0.185" errors="0" timestamp="2023-07-17T15:30:41 EDT" skipped="0">
  <testcase classname="Day7.FakerDataGenerator" name="testgenerateDummyData" time="0.185"/>
  <system-out/>
</testsuite> <!-- Day7.FakerDataGenerator -->
