<?xml version="1.0" encoding="UTF-8"?>
<!-- Generated by org.testng.reporters.JUnitReportReporter -->
<testsuite hostname="SumedhKrishna" failures="0" tests="1" name="Day7.Authentications" time="1.442" errors="0" timestamp="2023-07-17T15:03:23 EDT" skipped="0">
  <testcase classname="Day7.Authentications" name="testApiKeyAuthentication" time="1.442"/>
  <system-out/>
</testsuite> <!-- Day7.Authentications -->
