<?xml version="1.0" encoding="UTF-8"?>
<!-- Generated by org.testng.reporters.JUnitReportReporter -->
<testsuite hostname="SumedhKrishna" failures="0" tests="1" name="Day6.XMLSchemaValidations" time="2.098" errors="0" timestamp="2023-07-17T12:01:27 EDT" skipped="0">
  <testcase classname="Day6.XMLSchemaValidations" name="xmlSchemaValidation" time="2.098"/>
  <system-out/>
</testsuite> <!-- Day6.XMLSchemaValidations -->
