<?xml version="1.0" encoding="UTF-8"?>
<!-- Generated by org.testng.reporters.JUnitReportReporter -->
<testsuite hostname="SumedhKrishna" failures="0" tests="1" name="Day9.SOAO_API_testing" time="1.846" errors="0" timestamp="2023-07-25T13:25:08 EDT" skipped="0">
  <testcase classname="Day9.SOAO_API_testing" name="soapAPIValidation" time="1.846"/>
  <system-out/>
</testsuite> <!-- Day9.SOAO_API_testing -->
