<?xml version="1.0" encoding="UTF-8"?>
<!-- Generated by org.testng.reporters.JUnitReportReporter -->
<testsuite hostname="SumedhKrishna" failures="0" tests="1" name="Day3.HeadersDemo" time="6.900" errors="0" timestamp="2023-07-15T18:15:00 EDT" skipped="0">
  <testcase classname="Day3.HeadersDemo" name="getHeaders" time="6.900"/>
  <system-out/>
</testsuite> <!-- Day3.HeadersDemo -->
