<?xml version="1.0" encoding="UTF-8"?>
<!-- Generated by org.testng.reporters.JUnitReportReporter -->
<testsuite hostname="SumedhKrishna" failures="0" tests="1" name="Day4.ParseStudentsJasonData" time="1.239" errors="0" timestamp="2023-07-17T16:08:11 EDT" skipped="0">
  <testcase classname="Day4.ParseStudentsJasonData" name="testParseJsonData" time="1.239"/>
  <system-out/>
</testsuite> <!-- Day4.ParseStudentsJasonData -->
