<?xml version="1.0" encoding="UTF-8"?>
<!-- Generated by org.testng.reporters.JUnitReportReporter -->
<testsuite hostname="SumedhKrishna" failures="0" tests="1" name="Day5.ParseXMLResponse" time="2.276" errors="0" timestamp="2023-07-16T16:34:32 EDT" skipped="0">
  <testcase classname="Day5.ParseXMLResponse" name="testXmlResponseBody2" time="2.276"/>
  <system-out/>
</testsuite> <!-- Day5.ParseXMLResponse -->
