<?xml version="1.0" encoding="UTF-8"?>
<!-- Generated by org.testng.reporters.JUnitReportReporter -->
<testsuite hostname="SumedhKrishna" failures="0" tests="1" name="Day4.ParsingJsonResponseData" time="1.350" errors="0" timestamp="2023-07-16T00:28:12 EDT" skipped="0">
  <testcase classname="Day4.ParsingJsonResponseData" name="testPrice" time="1.350"/>
  <system-out/>
</testsuite> <!-- Day4.ParsingJsonResponseData -->
