<?xml version="1.0" encoding="UTF-8"?>
<!-- Generated by org.testng.reporters.JUnitReportReporter -->
<testsuite hostname="SumedhKrishna" failures="0" tests="1" name="Day8.GetUser" time="1.287" errors="0" timestamp="2023-07-17T22:25:24 EDT" skipped="0">
  <testcase classname="Day8.GetUser" name="getUser" time="1.287"/>
  <system-out/>
</testsuite> <!-- Day8.GetUser -->
