<?xml version="1.0" encoding="UTF-8"?>
<!-- Generated by org.testng.reporters.JUnitReportReporter -->
<testsuite hostname="SumedhKrishna" failures="0" tests="1" name="Day3.CookiesDemo" time="1.971" errors="0" timestamp="2023-07-15T18:06:29 EDT" skipped="0">
  <testcase classname="Day3.CookiesDemo" name="testCookies" time="1.971"/>
  <system-out/>
</testsuite> <!-- Day3.CookiesDemo -->
