<?xml version="1.0" encoding="UTF-8"?>
<!-- Generated by org.testng.reporters.JUnitReportReporter -->
<testsuite hostname="SumedhKrishna" failures="0" tests="1" name="Day8.DeleteUser" time="1.081" errors="0" timestamp="2023-07-17T22:25:24 EDT" skipped="0">
  <testcase classname="Day8.DeleteUser" name="deleteUser" time="1.081"/>
  <system-out/>
</testsuite> <!-- Day8.DeleteUser -->
