<?xml version="1.0" encoding="UTF-8"?>
<!-- Generated by org.testng.reporters.JUnitReportReporter -->
<testsuite hostname="SumedhKrishna" failures="0" tests="1" name="Day6.SerializationDeserialization" time="0.221" errors="0" timestamp="2023-07-17T12:44:39 EDT" skipped="0">
  <testcase classname="Day6.SerializationDeserialization" name="deSerialize" time="0.221"/>
  <system-out/>
</testsuite> <!-- Day6.SerializationDeserialization -->
