<?xml version="1.0" encoding="UTF-8"?>
<!-- Generated by org.testng.reporters.JUnitReportReporter -->
<testsuite hostname="SumedhKrishna" failures="0" tests="1" name="Day8.UpdateUser" time="1.255" errors="0" timestamp="2023-07-17T22:25:24 EDT" skipped="0">
  <testcase classname="Day8.UpdateUser" name="updateUser" time="1.255"/>
  <system-out/>
</testsuite> <!-- Day8.UpdateUser -->
