<?xml version="1.0" encoding="UTF-8"?>
<!-- Generated by org.testng.reporters.JUnitReportReporter -->
<testsuite hostname="SumedhKrishna" failures="0" tests="4" name="Day1.HttpRequests" time="4.634" errors="0" timestamp="2023-07-15T13:45:36 EDT" skipped="0">
  <testcase classname="Day1.HttpRequests" name="getUsers" time="2.597"/>
  <system-out/>
  <testcase classname="Day1.HttpRequests" name="createUser" time="0.850"/>
  <system-out/>
  <testcase classname="Day1.HttpRequests" name="updateUser" time="0.614"/>
  <system-out/>
  <testcase classname="Day1.HttpRequests" name="deleteUser" time="0.573"/>
  <system-out/>
</testsuite> <!-- Day1.HttpRequests -->
