<?xml version="1.0" encoding="UTF-8"?>
<!-- Generated by org.testng.reporters.JUnitReportReporter -->
<testsuite hostname="SumedhKrishna" failures="0" tests="2" name="Day2.WaysToCreatePostRequestBody" time="1.881" errors="0" timestamp="2023-07-15T17:05:42 EDT" skipped="0">
  <testcase classname="Day2.WaysToCreatePostRequestBody" name="testPostUsingJsonFile" time="1.825"/>
  <system-out/>
  <testcase classname="Day2.WaysToCreatePostRequestBody" name="deleteStudent" time="0.056"/>
  <system-out/>
</testsuite> <!-- Day2.WaysToCreatePostRequestBody -->
