<?xml version="1.0" encoding="UTF-8"?>
<!-- Generated by org.testng.reporters.JUnitReportReporter -->
<testsuite hostname="SumedhKrishna" failures="0" tests="1" name="Day3.LoggingDemo" time="2.131" errors="0" timestamp="2023-07-15T22:22:48 EDT" skipped="0">
  <testcase classname="Day3.LoggingDemo" name="testLogs" time="2.131"/>
  <system-out/>
</testsuite> <!-- Day3.LoggingDemo -->
