<?xml version="1.0" encoding="UTF-8"?>
<!-- Generated by org.testng.reporters.JUnitReportReporter -->
<testsuite hostname="SumedhKrishna" failures="0" tests="1" name="Day5.FileUploadAndDownload" time="1.204" errors="0" timestamp="2023-07-16T18:13:59 EDT" skipped="0">
  <testcase classname="Day5.FileUploadAndDownload" name="fileDownload" time="1.204"/>
  <system-out/>
</testsuite> <!-- Day5.FileUploadAndDownload -->
