<?xml version="1.0" encoding="UTF-8"?>
<!-- Generated by org.testng.reporters.JUnitReportReporter -->
<testsuite hostname="SumedhKrishna" failures="0" tests="1" name="Day8.DeleteUser" time="1.061" errors="0" timestamp="2023-07-19T15:10:26 EDT" skipped="0">
  <testcase classname="Day8.DeleteUser" name="deleteUser" time="1.061"/>
  <system-out/>
</testsuite> <!-- Day8.DeleteUser -->
